<?xml version="1.0" encoding="UTF-8"?>
<!-- Generated by org.testng.reporters.JUnitReportReporter -->
<testsuite hostname="Apurva" failures="0" tests="1" name="cucumber.TestNGTestRunner" time="2.206" errors="0" timestamp="2024-04-02T17:22:03 IST" skipped="0">
  <testcase classname="cucumber.TestNGTestRunner" name="runScenario" time="2.206"/>
</testsuite> <!-- cucumber.TestNGTestRunner -->
