<?xml version="1.0" encoding="UTF-8"?>
<!-- Generated by org.testng.reporters.JUnitReportReporter -->
<testsuite hostname="Apurva" failures="0" tests="3" name="Learning.Ecomm.Tests.SubmitOrderTest" time="12.213" errors="0" timestamp="2024-03-29T13:22:57 IST" skipped="0">
  <testcase classname="Learning.Ecomm.Tests.SubmitOrderTest" name="SubmitOrder" time="5.450"/>
  <testcase classname="Learning.Ecomm.Tests.SubmitOrderTest" name="SubmitOrder" time="4.546"/>
  <testcase classname="Learning.Ecomm.Tests.SubmitOrderTest" name="OrderHistoryTest" time="2.217"/>
</testsuite> <!-- Learning.Ecomm.Tests.SubmitOrderTest -->
