<?xml version="1.0" encoding="UTF-8"?>
<!-- Generated by org.testng.reporters.JUnitReportReporter -->
<testsuite hostname="Apurva" failures="0" tests="3" name="Learning.Ecomm.Tests.SubmitOrderTest" time="14.661" errors="0" timestamp="2024-04-03T10:25:24 IST" skipped="0">
  <testcase classname="Learning.Ecomm.Tests.SubmitOrderTest" name="SubmitOrder" time="5.560"/>
  <testcase classname="Learning.Ecomm.Tests.SubmitOrderTest" name="SubmitOrder" time="7.161"/>
  <testcase classname="Learning.Ecomm.Tests.SubmitOrderTest" name="OrderHistoryTest" time="1.940"/>
</testsuite> <!-- Learning.Ecomm.Tests.SubmitOrderTest -->
