<?xml version="1.0" encoding="UTF-8"?>
<!-- Generated by org.testng.reporters.JUnitReportReporter -->
<testsuite hostname="Apurva" failures="0" tests="1" name="Learning.Ecomm.Tests.ErrorValidations" time="1.902" errors="0" timestamp="2024-04-03T10:25:24 IST" skipped="0">
  <testcase classname="Learning.Ecomm.Tests.ErrorValidations" name="SubmitOrder" time="1.902"/>
</testsuite> <!-- Learning.Ecomm.Tests.ErrorValidations -->
